data.obj : error LNK2019: "__declspec(dllimport) public: __cdecl OFString::OFString(void)" (__imp_??0OFString@@QEAA@XZ) 외부 기호(참조 위치: "public: int __cdecl CData::inputDICOM(char *)" (?inputDICOM@CData@@QEAAHPEAD@Z) 함수)에서 확인하지 못했습니다.
data.obj : error LNK2019: "__declspec(dllimport) public: __cdecl OFString::~OFString(void)" (__imp_??1OFString@@QEAA@XZ) 외부 기호(참조 위치: "public: int __cdecl CData::inputDICOM(char *)" (?inputDICOM@CData@@QEAAHPEAD@Z) 함수)에서 확인하지 못했습니다.
data.obj : error LNK2019: "__declspec(dllimport) public: char const * __cdecl OFString::c_str(void)const " (__imp_?c_str@OFString@@QEBAPEBDXZ) 외부 기호(참조 위치: "public: int __cdecl CData::inputDICOM(char *)" (?inputDICOM@CData@@QEAAHPEAD@Z) 함수)에서 확인하지 못했습니다.
data.obj : error LNK2019: "__declspec(dllimport) public: __cdecl OFCondition::~OFCondition(void)" (__imp_??1OFCondition@@QEAA@XZ) 외부 기호(참조 위치: "public: int __cdecl CData::inputDICOM(char *)" (?inputDICOM@CData@@QEAAHPEAD@Z) 함수)에서 확인하지 못했습니다.
data.obj : error LNK2019: "__declspec(dllimport) public: class OFCondition & __cdecl OFCondition::operator=(class OFCondition const &)" (__imp_??4OFCondition@@QEAAAEAV0@AEBV0@@Z) 외부 기호(참조 위치: "private: bool __cdecl CData::readImage(char *,int &,int &,short * &,unsigned char * &,unsigned char * &,bool)" (?readImage@CData@@AEAA_NPEADAEAH1AEAPEAFAEAPEAE3_N@Z) 함수)에서 확인하지 못했습니다.
data.obj : error LNK2019: "__declspec(dllimport) public: char const * __cdecl OFCondition::text(void)const " (__imp_?text@OFCondition@@QEBAPEBDXZ) 외부 기호(참조 위치: "public: int __cdecl CData::inputDICOM(char *)" (?inputDICOM@CData@@QEAAHPEAD@Z) 함수)에서 확인하지 못했습니다.
data.obj : error LNK2019: "__declspec(dllimport) public: bool __cdecl OFCondition::good(void)const " (__imp_?good@OFCondition@@QEBA_NXZ) 외부 기호(참조 위치: "public: int __cdecl CData::inputDICOM(char *)" (?inputDICOM@CData@@QEAAHPEAD@Z) 함수)에서 확인하지 못했습니다.
data.obj : error LNK2019: "__declspec(dllimport) public: __cdecl OFFilename::OFFilename(char const *,bool)" (__imp_??0OFFilename@@QEAA@PEBD_N@Z) 외부 기호(참조 위치: "public: int __cdecl CData::inputDICOM(char *)" (?inputDICOM@CData@@QEAAHPEAD@Z) 함수)에서 확인하지 못했습니다.
data.obj : error LNK2019: "__declspec(dllimport) public: __cdecl OFFilename::~OFFilename(void)" (__imp_??1OFFilename@@QEAA@XZ) 외부 기호(참조 위치: "public: int __cdecl CData::inputDICOM(char *)" (?inputDICOM@CData@@QEAAHPEAD@Z) 함수)에서 확인하지 못했습니다.
data.obj : error LNK2019: "__declspec(dllimport) public: __cdecl DcmTagKey::DcmTagKey(unsigned short,unsigned short)" (__imp_??0DcmTagKey@@QEAA@GG@Z) 외부 기호(참조 위치: "public: int __cdecl CData::inputDICOM(char *)" (?inputDICOM@CData@@QEAAHPEAD@Z) 함수)에서 확인하지 못했습니다.
data.obj : error LNK2019: "__declspec(dllimport) public: virtual __cdecl DcmTagKey::~DcmTagKey(void)" (__imp_??1DcmTagKey@@UEAA@XZ) 외부 기호(참조 위치: "public: int __cdecl CData::inputDICOM(char *)" (?inputDICOM@CData@@QEAAHPEAD@Z) 함수)에서 확인하지 못했습니다.
data.obj : error LNK2019: "__declspec(dllimport) public: class OFCondition __cdecl DcmItem::findAndGetOFString(class DcmTagKey const &,class OFString &,unsigned long,bool)" (__imp_?findAndGetOFString@DcmItem@@QEAA?AVOFCondition@@AEBVDcmTagKey@@AEAVOFString@@K_N@Z) 외부 기호(참조 위치: "public: int __cdecl CData::inputDICOM(char *)" (?inputDICOM@CData@@QEAAHPEAD@Z) 함수)에서 확인하지 못했습니다.
data.obj : error LNK2019: "__declspec(dllimport) public: class OFCondition __cdecl DcmItem::findAndGetUint16Array(class DcmTagKey const &,unsigned short const * &,unsigned long *,bool)" (__imp_?findAndGetUint16Array@DcmItem@@QEAA?AVOFCondition@@AEBVDcmTagKey@@AEAPEBGPEAK_N@Z) 외부 기호(참조 위치: "private: bool __cdecl CData::readImage(char *,int &,int &,short * &,unsigned char * &,unsigned char * &,bool)" (?readImage@CData@@AEAA_NPEADAEAH1AEAPEAFAEAPEAE3_N@Z) 함수)에서 확인하지 못했습니다.
data.obj : error LNK2019: "__declspec(dllimport) public: class OFCondition __cdecl DcmDataset::chooseRepresentation(enum E_TransferSyntax,class DcmRepresentationParameter const *)" (__imp_?chooseRepresentation@DcmDataset@@QEAA?AVOFCondition@@W4E_TransferSyntax@@PEBVDcmRepresentationParameter@@@Z) 외부 기호(참조 위치: "public: int __cdecl CData::inputDICOM(char *)" (?inputDICOM@CData@@QEAAHPEAD@Z) 함수)에서 확인하지 못했습니다.
data.obj : error LNK2019: "__declspec(dllimport) public: __cdecl DcmFileFormat::DcmFileFormat(void)" (__imp_??0DcmFileFormat@@QEAA@XZ) 외부 기호(참조 위치: "public: int __cdecl CData::inputDICOM(char *)" (?inputDICOM@CData@@QEAAHPEAD@Z) 함수)에서 확인하지 못했습니다.
data.obj : error LNK2019: "__declspec(dllimport) public: virtual __cdecl DcmFileFormat::~DcmFileFormat(void)" (__imp_??1DcmFileFormat@@UEAA@XZ) 외부 기호(참조 위치: "public: virtual void * __cdecl DcmFileFormat::`scalar deleting destructor'(unsigned int)" (??_GDcmFileFormat@@UEAAPEAXI@Z) 함수)에서 확인하지 못했습니다.
data.obj : error LNK2019: "__declspec(dllimport) public: class DcmDataset * __cdecl DcmFileFormat::getDataset(void)" (__imp_?getDataset@DcmFileFormat@@QEAAPEAVDcmDataset@@XZ) 외부 기호(참조 위치: "public: int __cdecl CData::inputDICOM(char *)" (?inputDICOM@CData@@QEAAHPEAD@Z) 함수)에서 확인하지 못했습니다.
data.obj : error LNK2001: "public: virtual class OFCondition __cdecl DcmSequenceOfItems::append(class DcmItem *)" (?append@DcmSequenceOfItems@@UEAA?AVOFCondition@@PEAVDcmItem@@@Z) 외부 기호를 확인할 수 없습니다.
data.obj : error LNK2001: "public: virtual unsigned long __cdecl DcmFileFormat::calcElementLength(enum E_TransferSyntax,enum E_EncodingType)" (?calcElementLength@DcmFileFormat@@UEAAKW4E_TransferSyntax@@W4E_EncodingType@@@Z) 외부 기호를 확인할 수 없습니다.
data.obj : error LNK2001: "public: virtual bool __cdecl DcmFileFormat::canWriteXfer(enum E_TransferSyntax,enum E_TransferSyntax)" (?canWriteXfer@DcmFileFormat@@UEAA_NW4E_TransferSyntax@@0@Z) 외부 기호를 확인할 수 없습니다.
data.obj : error LNK2001: "public: virtual unsigned long __cdecl DcmSequenceOfItems::card(void)const " (?card@DcmSequenceOfItems@@UEBAKXZ) 외부 기호를 확인할 수 없습니다.
data.obj : error LNK2001: "public: virtual class OFCondition __cdecl DcmSequenceOfItems::checkValue(class OFString const &,bool)" (?checkValue@DcmSequenceOfItems@@UEAA?AVOFCondition@@AEBVOFString@@_N@Z) 외부 기호를 확인할 수 없습니다.
data.obj : error LNK2001: "public: virtual class OFCondition __cdecl DcmFileFormat::clear(void)" (?clear@DcmFileFormat@@UEAA?AVOFCondition@@XZ) 외부 기호를 확인할 수 없습니다.
data.obj : error LNK2001: "public: virtual class DcmObject * __cdecl DcmFileFormat::clone(void)const " (?clone@DcmFileFormat@@UEBAPEAVDcmObject@@XZ) 외부 기호를 확인할 수 없습니다.
data.obj : error LNK2001: "public: virtual void __cdecl DcmElement::compact(void)" (?compact@DcmElement@@UEAAXXZ) 외부 기호를 확인할 수 없습니다.
data.obj : error LNK2001: "public: virtual int __cdecl DcmSequenceOfItems::compare(class DcmElement const &)const " (?compare@DcmSequenceOfItems@@UEBAHAEBVDcmElement@@@Z) 외부 기호를 확인할 수 없습니다.
data.obj : error LNK2001: "public: virtual class OFCondition __cdecl DcmSequenceOfItems::computeGroupLengthAndPadding(enum E_GrpLenEncoding,enum E_PaddingEncoding,enum E_TransferSyntax,enum E_EncodingType,unsigned long,unsigned long,unsigned long)" (?computeGroupLengthAndPadding@DcmSequenceOfItems@@UEAA?AVOFCondition@@W4E_GrpLenEncoding@@W4E_PaddingEncoding@@W4E_TransferSyntax@@W4E_EncodingType@@KKK@Z) 외부 기호를 확인할 수 없습니다.
data.obj : error LNK2001: "public: virtual bool __cdecl DcmSequenceOfItems::containsExtendedCharacters(bool)" (?containsExtendedCharacters@DcmSequenceOfItems@@UEAA_N_N@Z) 외부 기호를 확인할 수 없습니다.
data.obj : error LNK2001: "public: virtual bool __cdecl DcmSequenceOfItems::containsUnknownVR(void)const " (?containsUnknownVR@DcmSequenceOfItems@@UEBA_NXZ) 외부 기호를 확인할 수 없습니다.
data.obj : error LNK2001: "public: virtual class OFCondition __cdecl DcmFileFormat::convertCharacterSet(class DcmSpecificCharacterSet &)" (?convertCharacterSet@DcmFileFormat@@UEAA?AVOFCondition@@AEAVDcmSpecificCharacterSet@@@Z) 외부 기호를 확인할 수 없습니다.
data.obj : error LNK2001: "public: virtual class OFCondition __cdecl DcmFileFormat::convertCharacterSet(class OFString const &,class OFString const &,unsigned __int64)" (?convertCharacterSet@DcmFileFormat@@UEAA?AVOFCondition@@AEBVOFString@@0_K@Z) 외부 기호를 확인할 수 없습니다.
data.obj : error LNK2001: "public: virtual class OFCondition __cdecl DcmFileFormat::convertCharacterSet(class OFString const &,unsigned __int64)" (?convertCharacterSet@DcmFileFormat@@UEAA?AVOFCondition@@AEBVOFString@@_K@Z) 외부 기호를 확인할 수 없습니다.
data.obj : error LNK2001: "public: virtual class OFCondition __cdecl DcmFileFormat::convertToUTF8(void)" (?convertToUTF8@DcmFileFormat@@UEAA?AVOFCondition@@XZ) 외부 기호를 확인할 수 없습니다.
data.obj : error LNK2001: "public: virtual class OFCondition __cdecl DcmFileFormat::copyFrom(class DcmObject const &)" (?copyFrom@DcmFileFormat@@UEAA?AVOFCondition@@AEBVDcmObject@@@Z) 외부 기호를 확인할 수 없습니다.
data.obj : error LNK2001: "public: virtual class OFCondition __cdecl DcmElement::createUint16Array(unsigned long,unsigned short * &)" (?createUint16Array@DcmElement@@UEAA?AVOFCondition@@KAEAPEAG@Z) 외부 기호를 확인할 수 없습니다.
data.obj : error LNK2001: "public: virtual class OFCondition __cdecl DcmElement::createUint8Array(unsigned long,unsigned char * &)" (?createUint8Array@DcmElement@@UEAA?AVOFCondition@@KAEAPEAE@Z) 외부 기호를 확인할 수 없습니다.
data.obj : error LNK2001: "public: virtual class OFCondition __cdecl DcmElement::createValueFromTempFile(class DcmInputStreamFactory *,unsigned long,enum E_ByteOrder)" (?createValueFromTempFile@DcmElement@@UEAA?AVOFCondition@@PEAVDcmInputStreamFactory@@KW4E_ByteOrder@@@Z) 외부 기호를 확인할 수 없습니다.
data.obj : error LNK2001: "public: virtual class OFCondition __cdecl DcmElement::getDecompressedColorModel(class DcmItem *,class OFString &)" (?getDecompressedColorModel@DcmElement@@UEAA?AVOFCondition@@PEAVDcmItem@@AEAVOFString@@@Z) 외부 기호를 확인할 수 없습니다.
data.obj : error LNK2001: "public: virtual class OFCondition __cdecl DcmElement::getFloat32(float &,unsigned long)" (?getFloat32@DcmElement@@UEAA?AVOFCondition@@AEAMK@Z) 외부 기호를 확인할 수 없습니다.
data.obj : error LNK2001: "public: virtual class OFCondition __cdecl DcmElement::getFloat32Array(float * &)" (?getFloat32Array@DcmElement@@UEAA?AVOFCondition@@AEAPEAM@Z) 외부 기호를 확인할 수 없습니다.
data.obj : error LNK2001: "public: virtual class OFCondition __cdecl DcmElement::getFloat64(double &,unsigned long)" (?getFloat64@DcmElement@@UEAA?AVOFCondition@@AEANK@Z) 외부 기호를 확인할 수 없습니다.
data.obj : error LNK2001: "public: virtual class OFCondition __cdecl DcmElement::getFloat64Array(double * &)" (?getFloat64Array@DcmElement@@UEAA?AVOFCondition@@AEAPEAN@Z) 외부 기호를 확인할 수 없습니다.
data.obj : error LNK2001: "public: virtual class DcmItem * __cdecl DcmSequenceOfItems::getItem(unsigned long)" (?getItem@DcmSequenceOfItems@@UEAAPEAVDcmItem@@K@Z) 외부 기호를 확인할 수 없습니다.
data.obj : error LNK2001: "public: virtual unsigned long __cdecl DcmSequenceOfItems::getLength(enum E_TransferSyntax,enum E_EncodingType)" (?getLength@DcmSequenceOfItems@@UEAAKW4E_TransferSyntax@@W4E_EncodingType@@@Z) 외부 기호를 확인할 수 없습니다.
data.obj : error LNK2001: "public: virtual class OFCondition __cdecl DcmElement::getOFString(class OFString &,unsigned long,bool)" (?getOFString@DcmElement@@UEAA?AVOFCondition@@AEAVOFString@@K_N@Z) 외부 기호를 확인할 수 없습니다.
data.obj : error LNK2001: "public: virtual class OFCondition __cdecl DcmElement::getOFStringArray(class OFString &,bool)" (?getOFStringArray@DcmElement@@UEAA?AVOFCondition@@AEAVOFString@@_N@Z) 외부 기호를 확인할 수 없습니다.
data.obj : error LNK2001: "public: virtual class DcmItem * __cdecl DcmObject::getParentItem(void)" (?getParentItem@DcmObject@@UEAAPEAVDcmItem@@XZ) 외부 기호를 확인할 수 없습니다.
data.obj : error LNK2001: "public: virtual class OFCondition __cdecl DcmSequenceOfItems::getPartialValue(void *,unsigned long,unsigned long,class DcmFileCache *,enum E_ByteOrder)" (?getPartialValue@DcmSequenceOfItems@@UEAA?AVOFCondition@@PEAXKKPEAVDcmFileCache@@W4E_ByteOrder@@@Z) 외부 기호를 확인할 수 없습니다.
data.obj : error LNK2001: "public: virtual class OFCondition __cdecl DcmElement::getSint16(short &,unsigned long)" (?getSint16@DcmElement@@UEAA?AVOFCondition@@AEAFK@Z) 외부 기호를 확인할 수 없습니다.
data.obj : error LNK2001: "public: virtual class OFCondition __cdecl DcmElement::getSint16Array(short * &)" (?getSint16Array@DcmElement@@UEAA?AVOFCondition@@AEAPEAF@Z) 외부 기호를 확인할 수 없습니다.
data.obj : error LNK2001: "public: virtual class OFCondition __cdecl DcmElement::getSint32(long &,unsigned long)" (?getSint32@DcmElement@@UEAA?AVOFCondition@@AEAJK@Z) 외부 기호를 확인할 수 없습니다.
data.obj : error LNK2001: "public: virtual class OFCondition __cdecl DcmElement::getSint32Array(long * &)" (?getSint32Array@DcmElement@@UEAA?AVOFCondition@@AEAPEAJ@Z) 외부 기호를 확인할 수 없습니다.
data.obj : error LNK2001: "public: virtual class OFCondition __cdecl DcmElement::getString(char * &)" (?getString@DcmElement@@UEAA?AVOFCondition@@AEAPEAD@Z) 외부 기호를 확인할 수 없습니다.
data.obj : error LNK2001: "public: virtual class OFCondition __cdecl DcmElement::getString(char * &,unsigned long &)" (?getString@DcmElement@@UEAA?AVOFCondition@@AEAPEADAEAK@Z) 외부 기호를 확인할 수 없습니다.
data.obj : error LNK2001: "protected: virtual unsigned long __cdecl DcmObject::getTagAndLengthSize(enum E_TransferSyntax)const " (?getTagAndLengthSize@DcmObject@@MEBAKW4E_TransferSyntax@@@Z) 외부 기호를 확인할 수 없습니다.
data.obj : error LNK2001: "public: virtual class OFCondition __cdecl DcmElement::getTagVal(class DcmTagKey &,unsigned long)" (?getTagVal@DcmElement@@UEAA?AVOFCondition@@AEAVDcmTagKey@@K@Z) 외부 기호를 확인할 수 없습니다.
data.obj : error LNK2001: "public: virtual class OFCondition __cdecl DcmElement::getUint16(unsigned short &,unsigned long)" (?getUint16@DcmElement@@UEAA?AVOFCondition@@AEAGK@Z) 외부 기호를 확인할 수 없습니다.
data.obj : error LNK2001: "public: virtual class OFCondition __cdecl DcmElement::getUint16Array(unsigned short * &)" (?getUint16Array@DcmElement@@UEAA?AVOFCondition@@AEAPEAG@Z) 외부 기호를 확인할 수 없습니다.
data.obj : error LNK2001: "public: virtual class OFCondition __cdecl DcmElement::getUint32(unsigned long &,unsigned long)" (?getUint32@DcmElement@@UEAA?AVOFCondition@@AEAKK@Z) 외부 기호를 확인할 수 없습니다.
data.obj : error LNK2001: "public: virtual class OFCondition __cdecl DcmElement::getUint32Array(unsigned long * &)" (?getUint32Array@DcmElement@@UEAA?AVOFCondition@@AEAPEAK@Z) 외부 기호를 확인할 수 없습니다.
data.obj : error LNK2001: "public: virtual class OFCondition __cdecl DcmElement::getUint8(unsigned char &,unsigned long)" (?getUint8@DcmElement@@UEAA?AVOFCondition@@AEAEK@Z) 외부 기호를 확인할 수 없습니다.
data.obj : error LNK2001: "public: virtual class OFCondition __cdecl DcmElement::getUint8Array(unsigned char * &)" (?getUint8Array@DcmElement@@UEAA?AVOFCondition@@AEAPEAE@Z) 외부 기호를 확인할 수 없습니다.
data.obj : error LNK2001: "public: virtual class OFCondition __cdecl DcmElement::getUncompressedFrame(class DcmItem *,unsigned long,unsigned long &,void *,unsigned long,class OFString &,class DcmFileCache *)" (?getUncompressedFrame@DcmElement@@UEAA?AVOFCondition@@PEAVDcmItem@@KAEAKPEAXKAEAVOFString@@PEAVDcmFileCache@@@Z) 외부 기호를 확인할 수 없습니다.
data.obj : error LNK2001: "public: virtual class OFCondition __cdecl DcmElement::getUncompressedFrameSize(class DcmItem *,unsigned long &)const " (?getUncompressedFrameSize@DcmElement@@UEBA?AVOFCondition@@PEAVDcmItem@@AEAK@Z) 외부 기호를 확인할 수 없습니다.
data.obj : error LNK2001: "public: virtual unsigned long __cdecl DcmSequenceOfItems::getVM(void)" (?getVM@DcmSequenceOfItems@@UEAAKXZ) 외부 기호를 확인할 수 없습니다.
data.obj : error LNK2001: "public: virtual enum DcmEVR __cdecl DcmFileFormat::ident(void)const " (?ident@DcmFileFormat@@UEBA?AW4DcmEVR@@XZ) 외부 기호를 확인할 수 없습니다.
data.obj : error LNK2001: "public: virtual class OFCondition __cdecl DcmSequenceOfItems::insert(class DcmItem *,unsigned long,bool)" (?insert@DcmSequenceOfItems@@UEAA?AVOFCondition@@PEAVDcmItem@@K_N@Z) 외부 기호를 확인할 수 없습니다.
data.obj : error LNK2001: "public: virtual class OFCondition __cdecl DcmSequenceOfItems::insertAtCurrentPos(class DcmItem *,bool)" (?insertAtCurrentPos@DcmSequenceOfItems@@UEAA?AVOFCondition@@PEAVDcmItem@@_N@Z) 외부 기호를 확인할 수 없습니다.
data.obj : error LNK2001: "public: virtual class OFCondition __cdecl DcmFileFormat::insertItem(class DcmItem *,unsigned long)" (?insertItem@DcmFileFormat@@UEAA?AVOFCondition@@PEAVDcmItem@@K@Z) 외부 기호를 확인할 수 없습니다.
data.obj : error LNK2001: "public: virtual bool __cdecl DcmSequenceOfItems::isAffectedBySpecificCharacterSet(void)const " (?isAffectedBySpecificCharacterSet@DcmSequenceOfItems@@UEBA_NXZ) 외부 기호를 확인할 수 없습니다.
data.obj : error LNK2001: "public: virtual bool __cdecl DcmSequenceOfItems::isEmpty(bool)" (?isEmpty@DcmSequenceOfItems@@UEAA_N_N@Z) 외부 기호를 확인할 수 없습니다.
data.obj : error LNK2001: "public: virtual bool __cdecl DcmSequenceOfItems::isLeaf(void)const " (?isLeaf@DcmSequenceOfItems@@UEBA_NXZ) 외부 기호를 확인할 수 없습니다.
data.obj : error LNK2001: "public: virtual bool __cdecl DcmObject::isNested(void)const " (?isNested@DcmObject@@UEBA_NXZ) 외부 기호를 확인할 수 없습니다.
data.obj : error LNK2001: "public: virtual bool __cdecl DcmSequenceOfItems::isSignable(void)const " (?isSignable@DcmSequenceOfItems@@UEBA_NXZ) 외부 기호를 확인할 수 없습니다.
data.obj : error LNK2001: "public: virtual class OFCondition __cdecl DcmSequenceOfItems::loadAllDataIntoMemory(void)" (?loadAllDataIntoMemory@DcmSequenceOfItems@@UEAA?AVOFCondition@@XZ) 외부 기호를 확인할 수 없습니다.
data.obj : error LNK2001: "public: virtual class OFCondition __cdecl DcmFileFormat::loadFile(class OFFilename const &,enum E_TransferSyntax,enum E_GrpLenEncoding,unsigned long,enum E_FileReadMode)" (?loadFile@DcmFileFormat@@UEAA?AVOFCondition@@AEBVOFFilename@@W4E_TransferSyntax@@W4E_GrpLenEncoding@@KW4E_FileReadMode@@@Z) 외부 기호를 확인할 수 없습니다.
data.obj : error LNK2001: "protected: virtual class OFCondition __cdecl DcmSequenceOfItems::makeSubObject(class DcmObject * &,class DcmTag const &,unsigned long)" (?makeSubObject@DcmSequenceOfItems@@MEAA?AVOFCondition@@AEAPEAVDcmObject@@AEBVDcmTag@@K@Z) 외부 기호를 확인할 수 없습니다.
data.obj : error LNK2001: "protected: virtual unsigned char * __cdecl DcmElement::newValueField(void)" (?newValueField@DcmElement@@MEAAPEAEXZ) 외부 기호를 확인할 수 없습니다.
data.obj : error LNK2001: "public: virtual class DcmObject * __cdecl DcmSequenceOfItems::nextInContainer(class DcmObject const *)" (?nextInContainer@DcmSequenceOfItems@@UEAAPEAVDcmObject@@PEBV2@@Z) 외부 기호를 확인할 수 없습니다.
data.obj : error LNK2001: "public: virtual class OFCondition __cdecl DcmSequenceOfItems::nextObject(class DcmStack &,bool)" (?nextObject@DcmSequenceOfItems@@UEAA?AVOFCondition@@AEAVDcmStack@@_N@Z) 외부 기호를 확인할 수 없습니다.
data.obj : error LNK2001: "protected: virtual void __cdecl DcmElement::postLoadValue(void)" (?postLoadValue@DcmElement@@MEAAXXZ) 외부 기호를 확인할 수 없습니다.
data.obj : error LNK2001: "public: virtual class OFCondition __cdecl DcmSequenceOfItems::prepend(class DcmItem *)" (?prepend@DcmSequenceOfItems@@UEAA?AVOFCondition@@PEAVDcmItem@@@Z) 외부 기호를 확인할 수 없습니다.
data.obj : error LNK2001: "public: virtual void __cdecl DcmFileFormat::print(class std::basic_ostream<char,struct std::char_traits<char> > &,unsigned __int64,int,char const *,unsigned __int64 *)" (?print@DcmFileFormat@@UEAAXAEAV?$basic_ostream@DU?$char_traits@D@std@@@std@@_KHPEBDPEA_K@Z) 외부 기호를 확인할 수 없습니다.
data.obj : error LNK2001: "protected: virtual void __cdecl DcmObject::printInfoLine(class std::basic_ostream<char,struct std::char_traits<char> > &,unsigned __int64,int,char const *,class DcmTag *,bool)" (?printInfoLine@DcmObject@@MEAAXAEAV?$basic_ostream@DU?$char_traits@D@std@@@std@@_KHPEBDPEAVDcmTag@@_N@Z) 외부 기호를 확인할 수 없습니다.
data.obj : error LNK2001: "public: virtual class OFCondition __cdecl DcmElement::putFloat32(float,unsigned long)" (?putFloat32@DcmElement@@UEAA?AVOFCondition@@MK@Z) 외부 기호를 확인할 수 없습니다.
data.obj : error LNK2001: "public: virtual class OFCondition __cdecl DcmElement::putFloat32Array(float const *,unsigned long)" (?putFloat32Array@DcmElement@@UEAA?AVOFCondition@@PEBMK@Z) 외부 기호를 확인할 수 없습니다.
data.obj : error LNK2001: "public: virtual class OFCondition __cdecl DcmElement::putFloat64(double,unsigned long)" (?putFloat64@DcmElement@@UEAA?AVOFCondition@@NK@Z) 외부 기호를 확인할 수 없습니다.
data.obj : error LNK2001: "public: virtual class OFCondition __cdecl DcmElement::putFloat64Array(double const *,unsigned long)" (?putFloat64Array@DcmElement@@UEAA?AVOFCondition@@PEBNK@Z) 외부 기호를 확인할 수 없습니다.
data.obj : error LNK2001: "public: virtual class OFCondition __cdecl DcmElement::putOFStringArray(class OFString const &)" (?putOFStringArray@DcmElement@@UEAA?AVOFCondition@@AEBVOFString@@@Z) 외부 기호를 확인할 수 없습니다.
data.obj : error LNK2001: "public: virtual class OFCondition __cdecl DcmElement::putSint16(short,unsigned long)" (?putSint16@DcmElement@@UEAA?AVOFCondition@@FK@Z) 외부 기호를 확인할 수 없습니다.
data.obj : error LNK2001: "public: virtual class OFCondition __cdecl DcmElement::putSint16Array(short const *,unsigned long)" (?putSint16Array@DcmElement@@UEAA?AVOFCondition@@PEBFK@Z) 외부 기호를 확인할 수 없습니다.
data.obj : error LNK2001: "public: virtual class OFCondition __cdecl DcmElement::putSint32(long,unsigned long)" (?putSint32@DcmElement@@UEAA?AVOFCondition@@JK@Z) 외부 기호를 확인할 수 없습니다.
data.obj : error LNK2001: "public: virtual class OFCondition __cdecl DcmElement::putSint32Array(long const *,unsigned long)" (?putSint32Array@DcmElement@@UEAA?AVOFCondition@@PEBJK@Z) 외부 기호를 확인할 수 없습니다.
data.obj : error LNK2001: "public: virtual class OFCondition __cdecl DcmElement::putString(char const *)" (?putString@DcmElement@@UEAA?AVOFCondition@@PEBD@Z) 외부 기호를 확인할 수 없습니다.
data.obj : error LNK2001: "public: virtual class OFCondition __cdecl DcmElement::putString(char const *,unsigned long)" (?putString@DcmElement@@UEAA?AVOFCondition@@PEBDK@Z) 외부 기호를 확인할 수 없습니다.
data.obj : error LNK2001: "public: virtual class OFCondition __cdecl DcmElement::putTagVal(class DcmTagKey const &,unsigned long)" (?putTagVal@DcmElement@@UEAA?AVOFCondition@@AEBVDcmTagKey@@K@Z) 외부 기호를 확인할 수 없습니다.
data.obj : error LNK2001: "public: virtual class OFCondition __cdecl DcmElement::putUint16(unsigned short,unsigned long)" (?putUint16@DcmElement@@UEAA?AVOFCondition@@GK@Z) 외부 기호를 확인할 수 없습니다.
data.obj : error LNK2001: "public: virtual class OFCondition __cdecl DcmElement::putUint16Array(unsigned short const *,unsigned long)" (?putUint16Array@DcmElement@@UEAA?AVOFCondition@@PEBGK@Z) 외부 기호를 확인할 수 없습니다.
data.obj : error LNK2001: "public: virtual class OFCondition __cdecl DcmElement::putUint32(unsigned long,unsigned long)" (?putUint32@DcmElement@@UEAA?AVOFCondition@@KK@Z) 외부 기호를 확인할 수 없습니다.
data.obj : error LNK2001: "public: virtual class OFCondition __cdecl DcmElement::putUint32Array(unsigned long const *,unsigned long)" (?putUint32Array@DcmElement@@UEAA?AVOFCondition@@PEBKK@Z) 외부 기호를 확인할 수 없습니다.
data.obj : error LNK2001: "public: virtual class OFCondition __cdecl DcmElement::putUint8Array(unsigned char const *,unsigned long)" (?putUint8Array@DcmElement@@UEAA?AVOFCondition@@PEBEK@Z) 외부 기호를 확인할 수 없습니다.
data.obj : error LNK2001: "public: virtual class OFCondition __cdecl DcmFileFormat::read(class DcmInputStream &,enum E_TransferSyntax,enum E_GrpLenEncoding,unsigned long)" (?read@DcmFileFormat@@UEAA?AVOFCondition@@AEAVDcmInputStream@@W4E_TransferSyntax@@W4E_GrpLenEncoding@@K@Z) 외부 기호를 확인할 수 없습니다.
data.obj : error LNK2001: "protected: virtual class OFCondition __cdecl DcmSequenceOfItems::readTagAndLength(class DcmInputStream &,enum E_TransferSyntax,class DcmTag &,unsigned long &)" (?readTagAndLength@DcmSequenceOfItems@@MEAA?AVOFCondition@@AEAVDcmInputStream@@W4E_TransferSyntax@@AEAVDcmTag@@AEAK@Z) 외부 기호를 확인할 수 없습니다.
data.obj : error LNK2001: "public: virtual class DcmItem * __cdecl DcmFileFormat::remove(unsigned long)" (?remove@DcmFileFormat@@UEAAPEAVDcmItem@@K@Z) 외부 기호를 확인할 수 없습니다.
data.obj : error LNK2001: "public: virtual class DcmItem * __cdecl DcmFileFormat::remove(class DcmItem *)" (?remove@DcmFileFormat@@UEAAPEAVDcmItem@@PEAV2@@Z) 외부 기호를 확인할 수 없습니다.
data.obj : error LNK2001: "public: virtual void __cdecl DcmFileFormat::removeInvalidGroups(void)" (?removeInvalidGroups@DcmFileFormat@@UEAAXXZ) 외부 기호를 확인할 수 없습니다.
data.obj : error LNK2001: "public: virtual class OFCondition __cdecl DcmFileFormat::saveFile(class OFFilename const &,enum E_TransferSyntax,enum E_EncodingType,enum E_GrpLenEncoding,enum E_PaddingEncoding,unsigned long,unsigned long,enum E_FileWriteMode)" (?saveFile@DcmFileFormat@@UEAA?AVOFCondition@@AEBVOFFilename@@W4E_TransferSyntax@@W4E_EncodingType@@W4E_GrpLenEncoding@@W4E_PaddingEncoding@@KKW4E_FileWriteMode@@@Z) 외부 기호를 확인할 수 없습니다.
data.obj : error LNK2001: "public: virtual class OFCondition __cdecl DcmSequenceOfItems::search(class DcmTagKey const &,class DcmStack &,enum E_SearchMode,bool)" (?search@DcmSequenceOfItems@@UEAA?AVOFCondition@@AEBVDcmTagKey@@AEAVDcmStack@@W4E_SearchMode@@_N@Z) 외부 기호를 확인할 수 없습니다.
data.obj : error LNK2001: "protected: virtual class OFCondition __cdecl DcmSequenceOfItems::searchSubFromHere(class DcmTagKey const &,class DcmStack &,bool)" (?searchSubFromHere@DcmSequenceOfItems@@MEAA?AVOFCondition@@AEBVDcmTagKey@@AEAVDcmStack@@_N@Z) 외부 기호를 확인할 수 없습니다.
data.obj : error LNK2001: "public: virtual class OFCondition __cdecl DcmObject::setVR(enum DcmEVR)" (?setVR@DcmObject@@UEAA?AVOFCondition@@W4DcmEVR@@@Z) 외부 기호를 확인할 수 없습니다.
data.obj : error LNK2001: "public: virtual void __cdecl DcmSequenceOfItems::transferEnd(void)" (?transferEnd@DcmSequenceOfItems@@UEAAXXZ) 외부 기호를 확인할 수 없습니다.
data.obj : error LNK2001: "public: virtual void __cdecl DcmSequenceOfItems::transferInit(void)" (?transferInit@DcmSequenceOfItems@@UEAAXXZ) 외부 기호를 확인할 수 없습니다.
data.obj : error LNK2001: "public: virtual class OFCondition __cdecl DcmFileFormat::validateMetaInfo(enum E_TransferSyntax,enum E_FileWriteMode)" (?validateMetaInfo@DcmFileFormat@@UEAA?AVOFCondition@@W4E_TransferSyntax@@W4E_FileWriteMode@@@Z) 외부 기호를 확인할 수 없습니다.
data.obj : error LNK2001: "public: virtual class OFCondition __cdecl DcmSequenceOfItems::verify(bool)" (?verify@DcmSequenceOfItems@@UEAA?AVOFCondition@@_N@Z) 외부 기호를 확인할 수 없습니다.
data.obj : error LNK2001: "public: virtual class OFCondition __cdecl DcmFileFormat::write(class DcmOutputStream &,enum E_TransferSyntax,enum E_EncodingType,class DcmWriteCache *)" (?write@DcmFileFormat@@UEAA?AVOFCondition@@AEAVDcmOutputStream@@W4E_TransferSyntax@@W4E_EncodingType@@PEAVDcmWriteCache@@@Z) 외부 기호를 확인할 수 없습니다.
data.obj : error LNK2001: "public: virtual class OFCondition __cdecl DcmFileFormat::write(class DcmOutputStream &,enum E_TransferSyntax,enum E_EncodingType,class DcmWriteCache *,enum E_GrpLenEncoding,enum E_PaddingEncoding,unsigned long,unsigned long,unsigned long,enum E_FileWriteMode)" (?write@DcmFileFormat@@UEAA?AVOFCondition@@AEAVDcmOutputStream@@W4E_TransferSyntax@@W4E_EncodingType@@PEAVDcmWriteCache@@W4E_GrpLenEncoding@@W4E_PaddingEncoding@@KKKW4E_FileWriteMode@@@Z) 외부 기호를 확인할 수 없습니다.
data.obj : error LNK2001: "public: virtual class OFCondition __cdecl DcmFileFormat::writeJson(class std::basic_ostream<char,struct std::char_traits<char> > &,class DcmJsonFormat &)" (?writeJson@DcmFileFormat@@UEAA?AVOFCondition@@AEAV?$basic_ostream@DU?$char_traits@D@std@@@std@@AEAVDcmJsonFormat@@@Z) 외부 기호를 확인할 수 없습니다.
data.obj : error LNK2001: "protected: virtual void __cdecl DcmElement::writeJsonCloser(class std::basic_ostream<char,struct std::char_traits<char> > &,class DcmJsonFormat &)" (?writeJsonCloser@DcmElement@@MEAAXAEAV?$basic_ostream@DU?$char_traits@D@std@@@std@@AEAVDcmJsonFormat@@@Z) 외부 기호를 확인할 수 없습니다.
data.obj : error LNK2001: "protected: virtual void __cdecl DcmElement::writeJsonOpener(class std::basic_ostream<char,struct std::char_traits<char> > &,class DcmJsonFormat &)" (?writeJsonOpener@DcmElement@@MEAAXAEAV?$basic_ostream@DU?$char_traits@D@std@@@std@@AEAVDcmJsonFormat@@@Z) 외부 기호를 확인할 수 없습니다.
data.obj : error LNK2001: "public: virtual class OFCondition __cdecl DcmSequenceOfItems::writeSignatureFormat(class DcmOutputStream &,enum E_TransferSyntax,enum E_EncodingType,class DcmWriteCache *)" (?writeSignatureFormat@DcmSequenceOfItems@@UEAA?AVOFCondition@@AEAVDcmOutputStream@@W4E_TransferSyntax@@W4E_EncodingType@@PEAVDcmWriteCache@@@Z) 외부 기호를 확인할 수 없습니다.
data.obj : error LNK2001: "protected: virtual class OFCondition __cdecl DcmObject::writeTagAndLength(class DcmOutputStream &,enum E_TransferSyntax,unsigned long &)const " (?writeTagAndLength@DcmObject@@MEBA?AVOFCondition@@AEAVDcmOutputStream@@W4E_TransferSyntax@@AEAK@Z) 외부 기호를 확인할 수 없습니다.
data.obj : error LNK2001: "public: virtual class OFCondition __cdecl DcmFileFormat::writeXML(class std::basic_ostream<char,struct std::char_traits<char> > &,unsigned __int64)" (?writeXML@DcmFileFormat@@UEAA?AVOFCondition@@AEAV?$basic_ostream@DU?$char_traits@D@std@@@std@@_K@Z) 외부 기호를 확인할 수 없습니다.
data.obj : error LNK2001: "protected: virtual void __cdecl DcmElement::writeXMLEndTag(class std::basic_ostream<char,struct std::char_traits<char> > &,unsigned __int64)" (?writeXMLEndTag@DcmElement@@MEAAXAEAV?$basic_ostream@DU?$char_traits@D@std@@@std@@_K@Z) 외부 기호를 확인할 수 없습니다.
data.obj : error LNK2001: "protected: virtual void __cdecl DcmElement::writeXMLStartTag(class std::basic_ostream<char,struct std::char_traits<char> > &,unsigned __int64,char const *)" (?writeXMLStartTag@DcmElement@@MEAAXAEAV?$basic_ostream@DU?$char_traits@D@std@@@std@@_KPEBD@Z) 외부 기호를 확인할 수 없습니다.
C:\Users\jiwon\Desktop\[jiwon]\dilab\Lab Projects\5. Radiomics\Lab Platform(2018-07-13)\\3rdparty\DCMTK\lib\dcmtk.lib : warning LNK4272: 'X86' 라이브러리 컴퓨터 종류가 'x64' 대상 컴퓨터 종류와 충돌합니다.
C:\Users\jiwon\Desktop\[jiwon]\dilab\Lab Projects\5. Radiomics\Lab Platform(2018-07-13)\x64\Debug\\platform.exe : fatal error LNK1120: 124개의 확인할 수 없는 외부 참조입니다.
