  Moc'ing image.h...
  C:\Users\jiwon\Desktop\[jiwon]\dilab\Lab Projects\5. Radiomics\Lab Platform(2018-07-13)\platform\image.h(0): Note: No relevant classes found. No output generated.
  moc_image.cpp
  moc_platform.cpp
c:\users\jiwon\desktop\[jiwon]\dilab\lab projects\5. radiomics\lab platform(2018-07-13)\3rdparty\cv\include\opencv2\flann\dist.h : warning C4819: 현재 코드 페이지(949)에서 표시할 수 없는 문자가 파일에 들어 있습니다. 데이터가 손실되지 않게 하려면 해당 파일을 유니코드 형식으로 저장하십시오.
  data.cpp
c:\users\jiwon\desktop\[jiwon]\dilab\lab projects\5. radiomics\lab platform(2018-07-13)\3rdparty\cv\include\opencv2\flann\dist.h : warning C4819: 현재 코드 페이지(949)에서 표시할 수 없는 문자가 파일에 들어 있습니다. 데이터가 손실되지 않게 하려면 해당 파일을 유니코드 형식으로 저장하십시오.
  imageView.cpp
c:\users\jiwon\desktop\[jiwon]\dilab\lab projects\5. radiomics\lab platform(2018-07-13)\3rdparty\cv\include\opencv2\flann\dist.h : warning C4819: 현재 코드 페이지(949)에서 표시할 수 없는 문자가 파일에 들어 있습니다. 데이터가 손실되지 않게 하려면 해당 파일을 유니코드 형식으로 저장하십시오.
  main.cpp
c:\users\jiwon\desktop\[jiwon]\dilab\lab projects\5. radiomics\lab platform(2018-07-13)\3rdparty\cv\include\opencv2\flann\dist.h : warning C4819: 현재 코드 페이지(949)에서 표시할 수 없는 문자가 파일에 들어 있습니다. 데이터가 손실되지 않게 하려면 해당 파일을 유니코드 형식으로 저장하십시오.
  platform.cpp
c:\users\jiwon\desktop\[jiwon]\dilab\lab projects\5. radiomics\lab platform(2018-07-13)\3rdparty\cv\include\opencv2\flann\dist.h : warning C4819: 현재 코드 페이지(949)에서 표시할 수 없는 문자가 파일에 들어 있습니다. 데이터가 손실되지 않게 하려면 해당 파일을 유니코드 형식으로 저장하십시오.
C:\Program Files (x86)\Microsoft Visual Studio 14.0\VC\include\xutility(2372): warning C4996: 'std::copy::_Unchecked_iterators::_Deprecate': Call to 'std::copy' with parameters that may be unsafe - this call relies on the caller to check that the passed values are correct. To disable this warning, use -D_SCL_SECURE_NO_WARNINGS. See documentation on how to use Visual C++ 'Checked Iterators'
  C:\Program Files (x86)\Microsoft Visual Studio 14.0\VC\include\xutility(2372): note: 'std::copy::_Unchecked_iterators::_Deprecate' 선언을 참조하십시오.
  platform.cpp(748): note: 컴파일 중인 함수 템플릿 인스턴스화 '_OutIt *std::copy<std::_String_iterator<std::_String_val<std::_Simple_types<char>>>,char*>(_InIt,_InIt,_OutIt)'에 대한 참조를 확인하십시오.
          with
          [
              _OutIt=char *,
              _InIt=std::_String_iterator<std::_String_val<std::_Simple_types<char>>>
          ]
C:\Program Files (x86)\Microsoft Visual Studio 14.0\VC\include\xmemory0(737): warning C4244: '초기화 중': 'float'에서 'unsigned short'(으)로 변환하면서 데이터가 손실될 수 있습니다.
  C:\Program Files (x86)\Microsoft Visual Studio 14.0\VC\include\xmemory0(857): note: 컴파일 중인 함수 템플릿 인스턴스화 'void std::allocator<wchar_t>::construct<_Objty,float&>(_Objty *,float &)'에 대한 참조를 확인하십시오.
          with
          [
              _Objty=unsigned short
          ]
  C:\Program Files (x86)\Microsoft Visual Studio 14.0\VC\include\xmemory0(857): note: 컴파일 중인 함수 템플릿 인스턴스화 'void std::allocator<wchar_t>::construct<_Objty,float&>(_Objty *,float &)'에 대한 참조를 확인하십시오.
          with
          [
              _Objty=unsigned short
          ]
  C:\Program Files (x86)\Microsoft Visual Studio 14.0\VC\include\xmemory0(996): note: 컴파일 중인 함수 템플릿 인스턴스화 'void std::allocator_traits<_Alloc>::construct<_Ty,float&>(std::allocator<_Ty> &,_Objty *,float &)'에 대한 참조를 확인하십시오.
          with
          [
              _Alloc=std::allocator<wchar_t>,
              _Ty=unsigned short,
              _Objty=unsigned short
          ]
  C:\Program Files (x86)\Microsoft Visual Studio 14.0\VC\include\xmemory0(995): note: 컴파일 중인 함수 템플릿 인스턴스화 'void std::allocator_traits<_Alloc>::construct<_Ty,float&>(std::allocator<_Ty> &,_Objty *,float &)'에 대한 참조를 확인하십시오.
          with
          [
              _Alloc=std::allocator<wchar_t>,
              _Ty=unsigned short,
              _Objty=unsigned short
          ]
  C:\Program Files (x86)\Microsoft Visual Studio 14.0\VC\include\xmemory(225): note: 컴파일 중인 함수 템플릿 인스턴스화 'void std::_Wrap_alloc<std::allocator<wchar_t>>::construct<_Ty,float&>(_Ty *,float &)'에 대한 참조를 확인하십시오.
          with
          [
              _Ty=unsigned short
          ]
  C:\Program Files (x86)\Microsoft Visual Studio 14.0\VC\include\xmemory(225): note: 컴파일 중인 함수 템플릿 인스턴스화 'void std::_Wrap_alloc<std::allocator<wchar_t>>::construct<_Ty,float&>(_Ty *,float &)'에 대한 참조를 확인하십시오.
          with
          [
              _Ty=unsigned short
          ]
  C:\Program Files (x86)\Microsoft Visual Studio 14.0\VC\include\xmemory(251): note: 컴파일 중인 함수 템플릿 인스턴스화 '_FwdIt *std::_Uninitialized_copy_al_unchecked1<_InIt,_FwdIt,std::allocator<wchar_t>>(_InIt,_InIt,_FwdIt,std::_Wrap_alloc<std::allocator<wchar_t>> &,std::_General_ptr_iterator_tag,std::_Any_tag)'에 대한 참조를 확인하십시오.
          with
          [
              _FwdIt=wchar_t *,
              _InIt=float *
          ]
  C:\Program Files (x86)\Microsoft Visual Studio 14.0\VC\include\xmemory(264): note: 컴파일 중인 함수 템플릿 인스턴스화 '_FwdIt *std::_Uninitialized_copy_al_unchecked<float*,_Iter,std::allocator<wchar_t>>(_InIt,_InIt,_FwdIt,std::_Wrap_alloc<std::allocator<wchar_t>> &)'에 대한 참조를 확인하십시오.
          with
          [
              _FwdIt=wchar_t *,
              _Iter=wchar_t *,
              _InIt=float *
          ]
  C:\Program Files (x86)\Microsoft Visual Studio 14.0\VC\include\vector(1653): note: 컴파일 중인 함수 템플릿 인스턴스화 '_FwdIt *std::_Uninitialized_copy<_Iter,unsigned short*,std::allocator<wchar_t>>(_InIt,_InIt,_FwdIt,std::_Wrap_alloc<std::allocator<wchar_t>> &)'에 대한 참조를 확인하십시오.
          with
          [
              _FwdIt=unsigned short *,
              _Iter=std::_Vector_iterator<std::_Vector_val<std::_Simple_types<float>>>,
              _InIt=std::_Vector_iterator<std::_Vector_val<std::_Simple_types<float>>>
          ]
  C:\Program Files (x86)\Microsoft Visual Studio 14.0\VC\include\vector(818): note: 컴파일 중인 함수 템플릿 인스턴스화 'unsigned short *std::vector<unsigned short,std::allocator<wchar_t>>::_Ucopy<_Iter>(_Iter,_Iter,unsigned short *)'에 대한 참조를 확인하십시오.
          with
          [
              _Iter=std::_Vector_iterator<std::_Vector_val<std::_Simple_types<float>>>
          ]
  C:\Program Files (x86)\Microsoft Visual Studio 14.0\VC\include\vector(818): note: 컴파일 중인 함수 템플릿 인스턴스화 'unsigned short *std::vector<unsigned short,std::allocator<wchar_t>>::_Ucopy<_Iter>(_Iter,_Iter,unsigned short *)'에 대한 참조를 확인하십시오.
          with
          [
              _Iter=std::_Vector_iterator<std::_Vector_val<std::_Simple_types<float>>>
          ]
  C:\Program Files (x86)\Microsoft Visual Studio 14.0\VC\include\vector(793): note: 컴파일 중인 함수 템플릿 인스턴스화 'void std::vector<unsigned short,std::allocator<wchar_t>>::_Construct<_Iter>(_Iter,_Iter,std::forward_iterator_tag)'에 대한 참조를 확인하십시오.
          with
          [
              _Iter=std::_Vector_iterator<std::_Vector_val<std::_Simple_types<float>>>
          ]
  C:\Program Files (x86)\Microsoft Visual Studio 14.0\VC\include\vector(793): note: 컴파일 중인 함수 템플릿 인스턴스화 'void std::vector<unsigned short,std::allocator<wchar_t>>::_Construct<_Iter>(_Iter,_Iter,std::forward_iterator_tag)'에 대한 참조를 확인하십시오.
          with
          [
              _Iter=std::_Vector_iterator<std::_Vector_val<std::_Simple_types<float>>>
          ]
  C:\Program Files (x86)\Microsoft Visual Studio 14.0\VC\include\vector(778): note: 컴파일 중인 함수 템플릿 인스턴스화 'void std::vector<unsigned short,std::allocator<wchar_t>>::_Construct<_Iter>(_Iter,_Iter)'에 대한 참조를 확인하십시오.
          with
          [
              _Iter=std::_Vector_iterator<std::_Vector_val<std::_Simple_types<float>>>
          ]
  C:\Program Files (x86)\Microsoft Visual Studio 14.0\VC\include\vector(778): note: 컴파일 중인 함수 템플릿 인스턴스화 'void std::vector<unsigned short,std::allocator<wchar_t>>::_Construct<_Iter>(_Iter,_Iter)'에 대한 참조를 확인하십시오.
          with
          [
              _Iter=std::_Vector_iterator<std::_Vector_val<std::_Simple_types<float>>>
          ]
  platform.cpp(611): note: 컴파일 중인 함수 템플릿 인스턴스화 'std::vector<unsigned short,std::allocator<wchar_t>>::vector<std::_Vector_iterator<std::_Vector_val<std::_Simple_types<float>>>,void>(_Iter,_Iter)'에 대한 참조를 확인하십시오.
          with
          [
              _Iter=std::_Vector_iterator<std::_Vector_val<std::_Simple_types<float>>>
          ]
  platform.cpp(611): note: 컴파일 중인 함수 템플릿 인스턴스화 'std::vector<unsigned short,std::allocator<wchar_t>>::vector<std::_Vector_iterator<std::_Vector_val<std::_Simple_types<float>>>,void>(_Iter,_Iter)'에 대한 참조를 확인하십시오.
          with
          [
              _Iter=std::_Vector_iterator<std::_Vector_val<std::_Simple_types<float>>>
          ]
  series.cpp
  코드를 생성하고 있습니다...
  platform.vcxproj -> C:\Users\jiwon\Desktop\[jiwon]\dilab\Lab Projects\5. Radiomics\Lab Platform(2018-07-13)\Win32\Debug\platform.exe
  platform.vcxproj -> C:\Users\jiwon\Desktop\[jiwon]\dilab\Lab Projects\5. Radiomics\Lab Platform(2018-07-13)\Win32\Debug\platform.pdb (Full PDB)
