c:\users\jiwon\desktop\[jiwon]\dilab\lab projects\5. radiomics\lab platform(2018-07-13)\platform\debug\vc140.pdb
c:\users\jiwon\desktop\[jiwon]\dilab\lab projects\5. radiomics\lab platform(2018-07-13)\platform\debug\main.obj
c:\users\jiwon\desktop\[jiwon]\dilab\lab projects\5. radiomics\lab platform(2018-07-13)\platform\debug\moc_platform.obj
c:\users\jiwon\desktop\[jiwon]\dilab\lab projects\5. radiomics\lab platform(2018-07-13)\platform\debug\moc_image.obj
c:\users\jiwon\desktop\[jiwon]\dilab\lab projects\5. radiomics\lab platform(2018-07-13)\platform\debug\data.obj
c:\users\jiwon\desktop\[jiwon]\dilab\lab projects\5. radiomics\lab platform(2018-07-13)\platform\debug\platform.obj
c:\users\jiwon\desktop\[jiwon]\dilab\lab projects\5. radiomics\lab platform(2018-07-13)\platform\debug\qrc_platform.obj
c:\users\jiwon\desktop\[jiwon]\dilab\lab projects\5. radiomics\lab platform(2018-07-13)\platform\generatedfiles\debug\moc_platform.cpp
c:\users\jiwon\desktop\[jiwon]\dilab\lab projects\5. radiomics\lab platform(2018-07-13)\platform\generatedfiles\ui_platform.h
c:\users\jiwon\desktop\[jiwon]\dilab\lab projects\5. radiomics\lab platform(2018-07-13)\platform\generatedfiles\debug\moc_image.cpp
c:\users\jiwon\desktop\[jiwon]\dilab\lab projects\5. radiomics\lab platform(2018-07-13)\platform\generatedfiles\qrc_platform.cpp
c:\users\jiwon\desktop\[jiwon]\dilab\lab projects\5. radiomics\lab platform(2018-07-13)\win32\debug\platform.pdb
c:\users\jiwon\desktop\[jiwon]\dilab\lab projects\5. radiomics\lab platform(2018-07-13)\platform\debug\platform.tlog\cl.command.1.tlog
c:\users\jiwon\desktop\[jiwon]\dilab\lab projects\5. radiomics\lab platform(2018-07-13)\platform\debug\platform.tlog\cl.read.1.tlog
c:\users\jiwon\desktop\[jiwon]\dilab\lab projects\5. radiomics\lab platform(2018-07-13)\platform\debug\platform.tlog\cl.write.1.tlog
c:\users\jiwon\desktop\[jiwon]\dilab\lab projects\5. radiomics\lab platform(2018-07-13)\platform\debug\platform.tlog\custombuild.command.1.tlog
c:\users\jiwon\desktop\[jiwon]\dilab\lab projects\5. radiomics\lab platform(2018-07-13)\platform\debug\platform.tlog\custombuild.read.1.tlog
c:\users\jiwon\desktop\[jiwon]\dilab\lab projects\5. radiomics\lab platform(2018-07-13)\platform\debug\platform.tlog\custombuild.write.1.tlog
c:\users\jiwon\desktop\[jiwon]\dilab\lab projects\5. radiomics\lab platform(2018-07-13)\platform\debug\platform.tlog\link-cvtres.read.1.tlog
c:\users\jiwon\desktop\[jiwon]\dilab\lab projects\5. radiomics\lab platform(2018-07-13)\platform\debug\platform.tlog\link-cvtres.write.1.tlog
c:\users\jiwon\desktop\[jiwon]\dilab\lab projects\5. radiomics\lab platform(2018-07-13)\platform\debug\platform.tlog\link-rc.read.1.tlog
c:\users\jiwon\desktop\[jiwon]\dilab\lab projects\5. radiomics\lab platform(2018-07-13)\platform\debug\platform.tlog\link-rc.write.1.tlog
c:\users\jiwon\desktop\[jiwon]\dilab\lab projects\5. radiomics\lab platform(2018-07-13)\platform\debug\platform.tlog\link.command.1.tlog
c:\users\jiwon\desktop\[jiwon]\dilab\lab projects\5. radiomics\lab platform(2018-07-13)\platform\debug\platform.tlog\link.read.1.tlog
c:\users\jiwon\desktop\[jiwon]\dilab\lab projects\5. radiomics\lab platform(2018-07-13)\platform\debug\platform.tlog\link.write.1.tlog
