d:\! 정리\코드\anyvol\연구실 플랫폼 (2018-07-13)\platform\release\image.obj
d:\! 정리\코드\anyvol\연구실 플랫폼 (2018-07-13)\platform\release\main.obj
d:\! 정리\코드\anyvol\연구실 플랫폼 (2018-07-13)\platform\release\moc_platform.obj
d:\! 정리\코드\anyvol\연구실 플랫폼 (2018-07-13)\platform\release\moc_image.obj
d:\! 정리\코드\anyvol\연구실 플랫폼 (2018-07-13)\platform\release\data.obj
d:\! 정리\코드\anyvol\연구실 플랫폼 (2018-07-13)\platform\release\platform.obj
d:\! 정리\코드\anyvol\연구실 플랫폼 (2018-07-13)\platform\release\qrc_platform.obj
d:\! 정리\코드\anyvol\연구실 플랫폼 (2018-07-13)\platform\generatedfiles\release\moc_platform.cpp
d:\! 정리\코드\anyvol\연구실 플랫폼 (2018-07-13)\platform\generatedfiles\ui_platform.h
d:\! 정리\코드\anyvol\연구실 플랫폼 (2018-07-13)\platform\generatedfiles\release\moc_image.cpp
d:\! 정리\코드\anyvol\연구실 플랫폼 (2018-07-13)\platform\generatedfiles\qrc_platform.cpp
d:\! 정리\코드\anyvol\연구실 플랫폼 (2018-07-13)\win32\release\platform.exe
c:\users\jiwon\desktop\[jiwon]\dilab\lab projects\5. radiomics\lab platform(2018-07-13)\platform\release\image.obj
c:\users\jiwon\desktop\[jiwon]\dilab\lab projects\5. radiomics\lab platform(2018-07-13)\platform\release\main.obj
c:\users\jiwon\desktop\[jiwon]\dilab\lab projects\5. radiomics\lab platform(2018-07-13)\platform\release\moc_platform.obj
c:\users\jiwon\desktop\[jiwon]\dilab\lab projects\5. radiomics\lab platform(2018-07-13)\platform\release\moc_image.obj
c:\users\jiwon\desktop\[jiwon]\dilab\lab projects\5. radiomics\lab platform(2018-07-13)\platform\release\data.obj
c:\users\jiwon\desktop\[jiwon]\dilab\lab projects\5. radiomics\lab platform(2018-07-13)\platform\release\platform.obj
c:\users\jiwon\desktop\[jiwon]\dilab\lab projects\5. radiomics\lab platform(2018-07-13)\platform\release\qrc_platform.obj
c:\users\jiwon\desktop\[jiwon]\dilab\lab projects\5. radiomics\lab platform(2018-07-13)\platform\generatedfiles\ui_platform.h
c:\users\jiwon\desktop\[jiwon]\dilab\lab projects\5. radiomics\lab platform(2018-07-13)\platform\generatedfiles\release\moc_image.cpp
c:\users\jiwon\desktop\[jiwon]\dilab\lab projects\5. radiomics\lab platform(2018-07-13)\platform\generatedfiles\qrc_platform.cpp
c:\users\jiwon\desktop\[jiwon]\dilab\lab projects\5. radiomics\lab platform(2018-07-13)\platform\generatedfiles\release\moc_platform.cpp
c:\users\jiwon\desktop\[jiwon]\dilab\lab projects\5. radiomics\lab platform(2018-07-13)\win32\release\platform.exe
c:\users\jiwon\desktop\[jiwon]\dilab\lab projects\5. radiomics\lab platform(2018-07-13)\platform\release\adf.obj
c:\users\jiwon\desktop\[jiwon]\dilab\lab projects\5. radiomics\lab platform(2018-07-13)\platform\release\clahe.obj
c:\users\jiwon\desktop\[jiwon]\dilab\lab projects\5. radiomics\lab platform(2018-07-13)\platform\release\expire.obj
c:\users\jiwon\desktop\[jiwon]\dilab\lab projects\5. radiomics\lab platform(2018-07-13)\platform\release\histogramview.obj
c:\users\jiwon\desktop\[jiwon]\dilab\lab projects\5. radiomics\lab platform(2018-07-13)\platform\release\history.obj
c:\users\jiwon\desktop\[jiwon]\dilab\lab projects\5. radiomics\lab platform(2018-07-13)\platform\release\imageprocessing.obj
c:\users\jiwon\desktop\[jiwon]\dilab\lab projects\5. radiomics\lab platform(2018-07-13)\platform\release\livewire.obj
c:\users\jiwon\desktop\[jiwon]\dilab\lab projects\5. radiomics\lab platform(2018-07-13)\platform\release\moc_histogramview.obj
c:\users\jiwon\desktop\[jiwon]\dilab\lab projects\5. radiomics\lab platform(2018-07-13)\platform\release\moc_screenoperator.obj
c:\users\jiwon\desktop\[jiwon]\dilab\lab projects\5. radiomics\lab platform(2018-07-13)\platform\release\qrc_darkstyle.obj
c:\users\jiwon\desktop\[jiwon]\dilab\lab projects\5. radiomics\lab platform(2018-07-13)\platform\release\screenoperator.obj
c:\users\jiwon\desktop\[jiwon]\dilab\lab projects\5. radiomics\lab platform(2018-07-13)\platform\release\cl.command.1.tlog
c:\users\jiwon\desktop\[jiwon]\dilab\lab projects\5. radiomics\lab platform(2018-07-13)\platform\release\cl.read.1.tlog
c:\users\jiwon\desktop\[jiwon]\dilab\lab projects\5. radiomics\lab platform(2018-07-13)\platform\release\cl.write.1.tlog
c:\users\jiwon\desktop\[jiwon]\dilab\lab projects\5. radiomics\lab platform(2018-07-13)\platform\release\custombuild.command.1.tlog
c:\users\jiwon\desktop\[jiwon]\dilab\lab projects\5. radiomics\lab platform(2018-07-13)\platform\release\custombuild.read.1.tlog
c:\users\jiwon\desktop\[jiwon]\dilab\lab projects\5. radiomics\lab platform(2018-07-13)\platform\release\custombuild.write.1.tlog
c:\users\jiwon\desktop\[jiwon]\dilab\lab projects\5. radiomics\lab platform(2018-07-13)\platform\release\link-cvtres.read.1.tlog
c:\users\jiwon\desktop\[jiwon]\dilab\lab projects\5. radiomics\lab platform(2018-07-13)\platform\release\link-cvtres.write.1.tlog
c:\users\jiwon\desktop\[jiwon]\dilab\lab projects\5. radiomics\lab platform(2018-07-13)\platform\release\link-rc.read.1.tlog
c:\users\jiwon\desktop\[jiwon]\dilab\lab projects\5. radiomics\lab platform(2018-07-13)\platform\release\link-rc.write.1.tlog
c:\users\jiwon\desktop\[jiwon]\dilab\lab projects\5. radiomics\lab platform(2018-07-13)\platform\release\link.command.1.tlog
c:\users\jiwon\desktop\[jiwon]\dilab\lab projects\5. radiomics\lab platform(2018-07-13)\platform\release\link.read.1.tlog
c:\users\jiwon\desktop\[jiwon]\dilab\lab projects\5. radiomics\lab platform(2018-07-13)\platform\release\link.write.1.tlog
c:\users\jiwon\desktop\[jiwon]\dilab\lab projects\5. radiomics\lab platform(2018-07-13)\platform\release\platform.tlog\cl.command.1.tlog
c:\users\jiwon\desktop\[jiwon]\dilab\lab projects\5. radiomics\lab platform(2018-07-13)\platform\release\platform.tlog\cl.read.1.tlog
c:\users\jiwon\desktop\[jiwon]\dilab\lab projects\5. radiomics\lab platform(2018-07-13)\platform\release\platform.tlog\cl.write.1.tlog
c:\users\jiwon\desktop\[jiwon]\dilab\lab projects\5. radiomics\lab platform(2018-07-13)\platform\release\platform.tlog\custombuild.command.1.tlog
c:\users\jiwon\desktop\[jiwon]\dilab\lab projects\5. radiomics\lab platform(2018-07-13)\platform\release\platform.tlog\custombuild.read.1.tlog
c:\users\jiwon\desktop\[jiwon]\dilab\lab projects\5. radiomics\lab platform(2018-07-13)\platform\release\platform.tlog\custombuild.write.1.tlog
c:\users\jiwon\desktop\[jiwon]\dilab\lab projects\5. radiomics\lab platform(2018-07-13)\platform\release\platform.tlog\link.command.1.tlog
c:\users\jiwon\desktop\[jiwon]\dilab\lab projects\5. radiomics\lab platform(2018-07-13)\platform\release\platform.tlog\link.read.1.tlog
c:\users\jiwon\desktop\[jiwon]\dilab\lab projects\5. radiomics\lab platform(2018-07-13)\platform\release\platform.tlog\link.write.1.tlog
